  UIClickableGraph.cpp
C:\Users\Kaapo\Projects\conquest\conquest\src\ui\UIClickableGraph.cpp(4,49): warning C4244: 'argument': conversion from 'float' to 'int', possible loss of data
C:\Users\Kaapo\Projects\conquest\conquest\src\ui\UIClickableGraph.cpp(25,18): warning C4244: 'initializing': conversion from 'int' to 'float', possible loss of data
C:\Users\Kaapo\Projects\conquest\conquest\src\ui\UIClickableGraph.cpp(30,12): warning C4244: 'initializing': conversion from 'float' to 'int', possible loss of data
  UIGraph.cpp
C:\Users\Kaapo\Projects\conquest\conquest\src\ui\UIGraph.cpp(73,45): warning C4018: '>=': signed/unsigned mismatch
C:\Users\Kaapo\Projects\conquest\conquest\src\ui\UIGraph.cpp(116,26): warning C4018: '>=': signed/unsigned mismatch
C:\Users\Kaapo\Projects\conquest\conquest\src\ui\UIGraph.cpp(128,20): warning C4244: '=': conversion from 'float' to 'int', possible loss of data
C:\Users\Kaapo\Projects\conquest\conquest\src\ui\UIGraph.cpp(132,110): warning C4244: 'argument': conversion from 'T' to 'float', possible loss of data
          with
          [
              T=int32_t
          ]
C:\Users\Kaapo\Projects\conquest\conquest\src\ui\UIGraph.cpp(132,83): warning C4244: 'argument': conversion from 'unsigned int' to 'float', possible loss of data
C:\Users\Kaapo\Projects\conquest\conquest\src\ui\UIGraph.cpp(148,23): warning C4018: '<': signed/unsigned mismatch
C:\Users\Kaapo\Projects\conquest\conquest\src\ui\UIGraph.cpp(164,14): warning C4244: 'initializing': conversion from 'T' to 'float', possible loss of data
          with
          [
              T=int32_t
          ]
C:\Users\Kaapo\Projects\conquest\conquest\src\ui\UIGraph.cpp(188,95): warning C4244: 'argument': conversion from 'T' to 'float', possible loss of data
          with
          [
              T=int32_t
          ]
C:\Users\Kaapo\Projects\conquest\conquest\src\ui\UIGraph.cpp(188,87): warning C4244: 'argument': conversion from 'T' to 'float', possible loss of data
          with
          [
              T=int32_t
          ]
  Generating Code...
  conquest.vcxproj -> C:\Users\Kaapo\Projects\conquest\conquest\\build\Debug\conquest.exe
