  NeuralAI.cpp
C:\Users\Kaapo\Projects\conquest\conquest\src\ai\NeuralAI.cpp(11,23): warning C4244: 'argument': conversion from 'time_t' to 'unsigned int', possible loss of data
C:\Users\Kaapo\Projects\conquest\conquest\src\ai\NeuralAI.cpp(50,20): warning C4018: '<': signed/unsigned mismatch
C:\Users\Kaapo\Projects\conquest\conquest\src\ai\NeuralAI.cpp(54,26): warning C4018: '<': signed/unsigned mismatch
C:\Users\Kaapo\Projects\conquest\conquest\src\ai\NeuralAI.cpp(62,30): warning C4018: '<': signed/unsigned mismatch
C:\Users\Kaapo\Projects\conquest\conquest\src\ai\NeuralAI.cpp(258,20): warning C4018: '<': signed/unsigned mismatch
C:\Users\Kaapo\Projects\conquest\conquest\src\ai\NeuralAI.cpp(260,21): warning C4018: '<': signed/unsigned mismatch
C:\Users\Kaapo\Projects\conquest\conquest\src\ai\NeuralAI.cpp(271,25): warning C4018: '<': signed/unsigned mismatch
  ConquestLocal.cpp
C:\Users\Kaapo\Projects\conquest\conquest\src\core\ConquestLocal.cpp(28,13): warning C4244: 'initializing': conversion from 'double' to 'int', possible loss of data
C:\Users\Kaapo\Projects\conquest\conquest\src\core\ConquestLocal.cpp(144,23): warning C4018: '<': signed/unsigned mismatch
C:\Users\Kaapo\Projects\conquest\conquest\src\core\ConquestLocal.cpp(163,64): warning C4244: 'argument': conversion from 'T' to 'float', possible loss of data
          with
          [
              T=int32_t
          ]
C:\Users\Kaapo\Projects\conquest\conquest\src\core\ConquestLocal.cpp(163,51): warning C4244: 'argument': conversion from 'T' to 'float', possible loss of data
          with
          [
              T=int32_t
          ]
C:\Users\Kaapo\Projects\conquest\conquest\src\core\ConquestLocal.cpp(167,30): warning C4244: 'argument': conversion from 'T' to 'T', possible loss of data
          with
          [
              T=int32_t
          ]
          and
          [
              T=float
          ]
C:\Users\Kaapo\Projects\conquest\conquest\src\core\ConquestLocal.cpp(172,64): warning C4244: 'argument': conversion from 'T' to 'float', possible loss of data
          with
          [
              T=int32_t
          ]
C:\Users\Kaapo\Projects\conquest\conquest\src\core\ConquestLocal.cpp(172,51): warning C4244: 'argument': conversion from 'T' to 'float', possible loss of data
          with
          [
              T=int32_t
          ]
C:\Users\Kaapo\Projects\conquest\conquest\src\core\ConquestLocal.cpp(176,30): warning C4244: 'argument': conversion from 'T' to 'T', possible loss of data
          with
          [
              T=int32_t
          ]
          and
          [
              T=float
          ]
C:\Users\Kaapo\Projects\conquest\conquest\src\core\ConquestLocal.cpp(181,64): warning C4244: 'argument': conversion from 'T' to 'float', possible loss of data
          with
          [
              T=int32_t
          ]
C:\Users\Kaapo\Projects\conquest\conquest\src\core\ConquestLocal.cpp(181,51): warning C4244: 'argument': conversion from 'T' to 'float', possible loss of data
          with
          [
              T=int32_t
          ]
C:\Users\Kaapo\Projects\conquest\conquest\src\core\ConquestLocal.cpp(185,30): warning C4244: 'argument': conversion from 'T' to 'T', possible loss of data
          with
          [
              T=int32_t
          ]
          and
          [
              T=float
          ]
C:\Users\Kaapo\Projects\conquest\conquest\src\core\ConquestLocal.cpp(190,64): warning C4244: 'argument': conversion from 'T' to 'float', possible loss of data
          with
          [
              T=int32_t
          ]
C:\Users\Kaapo\Projects\conquest\conquest\src\core\ConquestLocal.cpp(190,51): warning C4244: 'argument': conversion from 'T' to 'float', possible loss of data
          with
          [
              T=int32_t
          ]
C:\Users\Kaapo\Projects\conquest\conquest\src\core\ConquestLocal.cpp(194,30): warning C4244: 'argument': conversion from 'T' to 'T', possible loss of data
          with
          [
              T=int32_t
          ]
          and
          [
              T=float
          ]
C:\Users\Kaapo\Projects\conquest\conquest\src\core\ConquestLocal.cpp(199,64): warning C4244: 'argument': conversion from 'T' to 'float', possible loss of data
          with
          [
              T=int32_t
          ]
C:\Users\Kaapo\Projects\conquest\conquest\src\core\ConquestLocal.cpp(199,51): warning C4244: 'argument': conversion from 'T' to 'float', possible loss of data
          with
          [
              T=int32_t
          ]
C:\Users\Kaapo\Projects\conquest\conquest\src\core\ConquestLocal.cpp(203,30): warning C4244: 'argument': conversion from 'T' to 'T', possible loss of data
          with
          [
              T=int32_t
          ]
          and
          [
              T=float
          ]
C:\Users\Kaapo\Projects\conquest\conquest\src\core\ConquestLocal.cpp(208,64): warning C4244: 'argument': conversion from 'T' to 'float', possible loss of data
          with
          [
              T=int32_t
          ]
C:\Users\Kaapo\Projects\conquest\conquest\src\core\ConquestLocal.cpp(208,51): warning C4244: 'argument': conversion from 'T' to 'float', possible loss of data
          with
          [
              T=int32_t
          ]
C:\Users\Kaapo\Projects\conquest\conquest\src\core\ConquestLocal.cpp(212,30): warning C4244: 'argument': conversion from 'T' to 'T', possible loss of data
          with
          [
              T=int32_t
          ]
          and
          [
              T=float
          ]
C:\Users\Kaapo\Projects\conquest\conquest\src\core\ConquestLocal.cpp(227,26): warning C4244: 'argument': conversion from 'float' to 'uint32_t', possible loss of data
C:\Users\Kaapo\Projects\conquest\conquest\src\core\ConquestLocal.cpp(292,26): warning C4018: '>=': signed/unsigned mismatch
C:\Users\Kaapo\Projects\conquest\conquest\src\core\ConquestLocal.cpp(384,19): warning C4244: 'initializing': conversion from 'float' to 'int', possible loss of data
C:\Users\Kaapo\Projects\conquest\conquest\src\core\ConquestLocal.cpp(395,26): warning C4018: '<': signed/unsigned mismatch
C:\Users\Kaapo\Projects\conquest\conquest\src\core\ConquestLocal.cpp(429,64): warning C4244: '=': conversion from 'T' to 'T', possible loss of data
          with
          [
              T=float
          ]
          and
          [
              T=int32_t
          ]
C:\Users\Kaapo\Projects\conquest\conquest\src\core\ConquestLocal.cpp(430,64): warning C4244: '=': conversion from 'T' to 'T', possible loss of data
          with
          [
              T=float
          ]
          and
          [
              T=int32_t
          ]
C:\Users\Kaapo\Projects\conquest\conquest\src\core\ConquestLocal.cpp(432,64): warning C4244: '=': conversion from 'T' to 'T', possible loss of data
          with
          [
              T=float
          ]
          and
          [
              T=int32_t
          ]
C:\Users\Kaapo\Projects\conquest\conquest\src\core\ConquestLocal.cpp(433,64): warning C4244: '=': conversion from 'T' to 'T', possible loss of data
          with
          [
              T=float
          ]
          and
          [
              T=int32_t
          ]
C:\Users\Kaapo\Projects\conquest\conquest\src\core\ConquestLocal.cpp(451,24): warning C4244: 'argument': conversion from 'float' to 'uint32_t', possible loss of data
C:\Users\Kaapo\Projects\conquest\conquest\src\core\ConquestLocal.cpp(457,24): warning C4244: 'argument': conversion from 'float' to 'uint32_t', possible loss of data
C:\Users\Kaapo\Projects\conquest\conquest\src\core\ConquestLocal.cpp(529,90): warning C4244: 'argument': conversion from 'T' to 'float', possible loss of data
          with
          [
              T=int32_t
          ]
C:\Users\Kaapo\Projects\conquest\conquest\src\core\ConquestLocal.cpp(529,77): warning C4244: 'argument': conversion from 'T' to 'float', possible loss of data
          with
          [
              T=int32_t
          ]
C:\Users\Kaapo\Projects\conquest\conquest\src\core\ConquestLocal.cpp(538,20): warning C4018: '<': signed/unsigned mismatch
C:\Users\Kaapo\Projects\conquest\conquest\src\core\ConquestLocal.cpp(551,34): warning C4244: 'argument': conversion from 'int' to 'float', possible loss of data
C:\Users\Kaapo\Projects\conquest\conquest\src\core\ConquestLocal.cpp(551,17): warning C4244: 'argument': conversion from 'int' to 'float', possible loss of data
C:\Users\Kaapo\Projects\conquest\conquest\src\core\ConquestLocal.cpp(589,18): warning C4244: 'initializing': conversion from 'T' to 'float', possible loss of data
          with
          [
              T=int32_t
          ]
C:\Users\Kaapo\Projects\conquest\conquest\src\core\ConquestLocal.cpp(591,20): warning C4018: '<': signed/unsigned mismatch
C:\Users\Kaapo\Projects\conquest\conquest\src\core\ConquestLocal.cpp(599,14): warning C4244: 'initializing': conversion from 'int' to 'float', possible loss of data
C:\Users\Kaapo\Projects\conquest\conquest\src\core\ConquestLocal.cpp(600,18): warning C4244: 'initializing': conversion from 'T' to 'float', possible loss of data
          with
          [
              T=int32_t
          ]
C:\Users\Kaapo\Projects\conquest\conquest\src\core\ConquestLocal.cpp(612,17): warning C4244: 'argument': conversion from 'float' to 'T', possible loss of data
          with
          [
              T=int32_t
          ]
C:\Users\Kaapo\Projects\conquest\conquest\src\core\ConquestLocal.cpp(613,61): warning C4244: 'argument': conversion from 'int' to 'float', possible loss of data
C:\Users\Kaapo\Projects\conquest\conquest\src\core\ConquestLocal.cpp(622,17): warning C4244: 'argument': conversion from 'float' to 'T', possible loss of data
          with
          [
              T=int32_t
          ]
C:\Users\Kaapo\Projects\conquest\conquest\src\core\ConquestLocal.cpp(623,61): warning C4244: 'argument': conversion from 'int' to 'float', possible loss of data
C:\Users\Kaapo\Projects\conquest\conquest\src\core\ConquestLocal.cpp(629,20): warning C4018: '<': signed/unsigned mismatch
C:\Users\Kaapo\Projects\conquest\conquest\src\core\ConquestLocal.cpp(635,19): warning C4244: 'argument': conversion from 'float' to 'T', possible loss of data
          with
          [
              T=int32_t
          ]
C:\Users\Kaapo\Projects\conquest\conquest\src\core\ConquestLocal.cpp(636,63): warning C4244: 'argument': conversion from 'int' to 'float', possible loss of data
C:\Users\Kaapo\Projects\conquest\conquest\src\core\ConquestLocal.cpp(765,64): warning C4244: 'argument': conversion from 'T' to 'float', possible loss of data
          with
          [
              T=int32_t
          ]
C:\Users\Kaapo\Projects\conquest\conquest\src\core\ConquestLocal.cpp(765,51): warning C4244: 'argument': conversion from 'T' to 'float', possible loss of data
          with
          [
              T=int32_t
          ]
C:\Users\Kaapo\Projects\conquest\conquest\src\core\ConquestLocal.cpp(875,24): warning C4838: conversion from 'FT_Pos' to 'GLuint' requires a narrowing conversion
  main.cpp
  NeuralNet.cpp
C:\Users\Kaapo\Projects\conquest\conquest\src\neuralnet\NeuralNet.cpp(35,20): warning C4018: '<': signed/unsigned mismatch
C:\Users\Kaapo\Projects\conquest\conquest\src\neuralnet\NeuralNet.cpp(45,36): warning C4018: '<': signed/unsigned mismatch
C:\Users\Kaapo\Projects\conquest\conquest\src\neuralnet\NeuralNet.cpp(48,21): warning C4018: '<': signed/unsigned mismatch
C:\Users\Kaapo\Projects\conquest\conquest\src\neuralnet\NeuralNet.cpp(60,20): warning C4018: '<': signed/unsigned mismatch
  Generating code
  35 of 5270 functions ( 0.7%) were compiled, the rest were copied from previous compilation.
    1 functions were new in current compilation
    73 functions had inline decision re-evaluated but remain unchanged
  Finished generating code
  conquest.vcxproj -> C:\Users\Kaapo\Projects\conquest\conquest\\build\Release\conquest.exe
