c:\users\kaapo\projects\conquest\conquest\temp\release\vc142.pdb
c:\users\kaapo\projects\conquest\conquest\temp\release\unit.obj
c:\users\kaapo\projects\conquest\conquest\temp\release\uiunitcard.obj
c:\users\kaapo\projects\conquest\conquest\temp\release\uielement.obj
c:\users\kaapo\projects\conquest\conquest\temp\release\projectile.obj
c:\users\kaapo\projects\conquest\conquest\temp\release\main.obj
c:\users\kaapo\projects\conquest\conquest\temp\release\gameobject.obj
c:\users\kaapo\projects\conquest\conquest\temp\release\conquest.obj
c:\users\kaapo\projects\conquest\conquest\build\release\conquest.ipdb
c:\users\kaapo\projects\conquest\conquest\build\release\conquest.iobj
c:\users\kaapo\projects\conquest\conquest\build\release\conquest.exe
c:\users\kaapo\projects\conquest\conquest\build\release\conquest.pdb
c:\users\kaapo\projects\conquest\conquest\\build\release\conquest.pdb
c:\users\kaapo\projects\conquest\conquest\\build\release\conquest.exe
c:\users\kaapo\projects\conquest\conquest\temp\release\conquest.tlog\cl.command.1.tlog
c:\users\kaapo\projects\conquest\conquest\temp\release\conquest.tlog\cl.read.1.tlog
c:\users\kaapo\projects\conquest\conquest\temp\release\conquest.tlog\cl.write.1.tlog
c:\users\kaapo\projects\conquest\conquest\temp\release\conquest.tlog\conquest.write.1u.tlog
c:\users\kaapo\projects\conquest\conquest\temp\release\conquest.tlog\link.command.1.tlog
c:\users\kaapo\projects\conquest\conquest\temp\release\conquest.tlog\link.read.1.tlog
c:\users\kaapo\projects\conquest\conquest\temp\release\conquest.tlog\link.write.1.tlog
