c:\users\kaapo\projects\conquest\kusi2d\release\kusi2d.pdb
c:\users\kaapo\projects\conquest\kusi2d\release\util.obj
c:\users\kaapo\projects\conquest\kusi2d\release\picopng.obj
c:\users\kaapo\projects\conquest\kusi2d\release\inputmanager.obj
c:\users\kaapo\projects\conquest\kusi2d\release\imageloader.obj
c:\users\kaapo\projects\conquest\kusi2d\release\text.obj
c:\users\kaapo\projects\conquest\kusi2d\release\spritebatch.obj
c:\users\kaapo\projects\conquest\kusi2d\release\sprite.obj
c:\users\kaapo\projects\conquest\kusi2d\release\graphicssystem.obj
c:\users\kaapo\projects\conquest\kusi2d\release\glslprogram.obj
c:\users\kaapo\projects\conquest\kusi2d\release\camera2d.obj
c:\users\kaapo\projects\conquest\kusi2d\release\window.obj
c:\users\kaapo\projects\conquest\kusi2d\release\win32_system.obj
c:\users\kaapo\projects\conquest\kusi2d\release\engine.obj
c:\users\kaapo\projects\conquest\kusi2d\release\label.obj
c:\users\kaapo\projects\conquest\kusi2d\build\win32\release\kusi2d.lib
c:\users\kaapo\projects\conquest\kusi2d\release\kusi2d.tlog\cl.command.1.tlog
c:\users\kaapo\projects\conquest\kusi2d\release\kusi2d.tlog\cl.read.1.tlog
c:\users\kaapo\projects\conquest\kusi2d\release\kusi2d.tlog\cl.write.1.tlog
c:\users\kaapo\projects\conquest\kusi2d\release\kusi2d.tlog\lib-link.read.1.tlog
c:\users\kaapo\projects\conquest\kusi2d\release\kusi2d.tlog\lib-link.write.1.tlog
c:\users\kaapo\projects\conquest\kusi2d\release\kusi2d.tlog\lib.command.1.tlog
